This file contains any messages produced by compilers while
running configure, to aid debugging if configure makes a mistake.

It was created by RISC-V ISA Simulator configure ?, which was
generated by GNU Autoconf 2.69.  Invocation command line was

  $ ./configure CFLAGS=-Os -g0 CXXFLAGS=-Os -g0 --with-boost=no --with-boost-asio=no --with-boost-regex=no

## --------- ##
## Platform. ##
## --------- ##

hostname = kanav
uname -m = x86_64
uname -r = 6.14.4-arch1-2
uname -s = Linux
uname -v = #1 SMP PREEMPT_DYNAMIC Tue, 29 Apr 2025 09:23:13 +0000

/usr/bin/uname -p = unknown
/bin/uname -X     = unknown

/bin/arch              = unknown
/usr/bin/arch -k       = unknown
/usr/convex/getsysinfo = unknown
/usr/bin/hostinfo      = unknown
/bin/machine           = unknown
/usr/bin/oslevel       = unknown
/bin/universe          = unknown

PATH: /home/chughster/.npm-global/bin
PATH: /usr/local/sbin
PATH: /usr/local/bin
PATH: /usr/bin
PATH: /opt/cuda/bin
PATH: /opt/cuda/nsight_compute
PATH: /opt/cuda/nsight_systems/bin
PATH: /usr/lib/jvm/default/bin
PATH: /usr/bin/site_perl
PATH: /usr/bin/vendor_perl
PATH: /usr/bin/core_perl
PATH: /var/lib/snapd/snap/bin
PATH: /home/chughster/.local/bin
PATH: /home/chughster/.local/bin


## ----------- ##
## Core tests. ##
## ----------- ##

configure:2220: checking build system type
configure:2234: result: x86_64-pc-linux-gnu
configure:2254: checking host system type
configure:2267: result: x86_64-pc-linux-gnu
configure:2645: checking for gcc
configure:2661: found /usr/bin/gcc
configure:2672: result: gcc
configure:2901: checking for C compiler version
configure:2910: gcc --version >&5
gcc (GCC) 15.1.1 20250425
Copyright (C) 2025 Free Software Foundation, Inc.
This is free software; see the source for copying conditions.  There is NO
warranty; not even for MERCHANTABILITY or FITNESS FOR A PARTICULAR PURPOSE.

configure:2921: $? = 0
configure:2910: gcc -v >&5
Using built-in specs.
COLLECT_GCC=gcc
COLLECT_LTO_WRAPPER=/usr/lib/gcc/x86_64-pc-linux-gnu/15.1.1/lto-wrapper
Target: x86_64-pc-linux-gnu
Configured with: /build/gcc/src/gcc/configure --enable-languages=ada,c,c++,d,fortran,go,lto,m2,objc,obj-c++,rust,cobol --enable-bootstrap --prefix=/usr --libdir=/usr/lib --libexecdir=/usr/lib --mandir=/usr/share/man --infodir=/usr/share/info --with-bugurl=https://gitlab.archlinux.org/archlinux/packaging/packages/gcc/-/issues --with-build-config=bootstrap-lto --with-linker-hash-style=gnu --with-system-zlib --enable-__cxa_atexit --enable-cet=auto --enable-checking=release --enable-clocale=gnu --enable-default-pie --enable-default-ssp --enable-gnu-indirect-function --enable-gnu-unique-object --enable-libstdcxx-backtrace --enable-link-serialization=1 --enable-linker-build-id --enable-lto --enable-multilib --enable-plugin --enable-shared --enable-threads=posix --disable-libssp --disable-libstdcxx-pch --disable-werror
Thread model: posix
Supported LTO compression algorithms: zlib zstd
gcc version 15.1.1 20250425 (GCC) 
configure:2921: $? = 0
configure:2910: gcc -V >&5
gcc: error: unrecognized command-line option '-V'
gcc: fatal error: no input files
compilation terminated.
configure:2921: $? = 1
configure:2910: gcc -qversion >&5
gcc: error: unrecognized command-line option '-qversion'; did you mean '--version'?
gcc: fatal error: no input files
compilation terminated.
configure:2921: $? = 1
configure:2941: checking whether the C compiler works
configure:2963: gcc -Os -g0   conftest.c  >&5
configure:2967: $? = 0
configure:3015: result: yes
configure:3018: checking for C compiler default output file name
configure:3020: result: a.out
configure:3026: checking for suffix of executables
configure:3033: gcc -o conftest -Os -g0   conftest.c  >&5
configure:3037: $? = 0
configure:3059: result: 
configure:3081: checking whether we are cross compiling
configure:3089: gcc -o conftest -Os -g0   conftest.c  >&5
configure:3093: $? = 0
configure:3100: ./conftest
configure:3104: $? = 0
configure:3119: result: no
configure:3124: checking for suffix of object files
configure:3146: gcc -c -Os -g0  conftest.c >&5
configure:3150: $? = 0
configure:3171: result: o
configure:3175: checking whether we are using the GNU C compiler
configure:3194: gcc -c -Os -g0  conftest.c >&5
configure:3194: $? = 0
configure:3203: result: yes
configure:3212: checking whether gcc accepts -g
configure:3232: gcc -c -g  conftest.c >&5
configure:3232: $? = 0
configure:3273: result: yes
configure:3290: checking for gcc option to accept ISO C89
configure:3353: gcc  -c -Os -g0  conftest.c >&5
conftest.c: In function 'e':
conftest.c:15:14: warning: old-style function definition [-Wold-style-definition]
   15 | static char *e (p, i)
      |              ^
configure:3353: $? = 0
configure:3366: result: none needed
configure:3444: checking for g++
configure:3460: found /usr/bin/g++
configure:3471: result: g++
configure:3498: checking for C++ compiler version
configure:3507: g++ --version >&5
g++ (GCC) 15.1.1 20250425
Copyright (C) 2025 Free Software Foundation, Inc.
This is free software; see the source for copying conditions.  There is NO
warranty; not even for MERCHANTABILITY or FITNESS FOR A PARTICULAR PURPOSE.

configure:3518: $? = 0
configure:3507: g++ -v >&5
Using built-in specs.
COLLECT_GCC=g++
COLLECT_LTO_WRAPPER=/usr/lib/gcc/x86_64-pc-linux-gnu/15.1.1/lto-wrapper
Target: x86_64-pc-linux-gnu
Configured with: /build/gcc/src/gcc/configure --enable-languages=ada,c,c++,d,fortran,go,lto,m2,objc,obj-c++,rust,cobol --enable-bootstrap --prefix=/usr --libdir=/usr/lib --libexecdir=/usr/lib --mandir=/usr/share/man --infodir=/usr/share/info --with-bugurl=https://gitlab.archlinux.org/archlinux/packaging/packages/gcc/-/issues --with-build-config=bootstrap-lto --with-linker-hash-style=gnu --with-system-zlib --enable-__cxa_atexit --enable-cet=auto --enable-checking=release --enable-clocale=gnu --enable-default-pie --enable-default-ssp --enable-gnu-indirect-function --enable-gnu-unique-object --enable-libstdcxx-backtrace --enable-link-serialization=1 --enable-linker-build-id --enable-lto --enable-multilib --enable-plugin --enable-shared --enable-threads=posix --disable-libssp --disable-libstdcxx-pch --disable-werror
Thread model: posix
Supported LTO compression algorithms: zlib zstd
gcc version 15.1.1 20250425 (GCC) 
configure:3518: $? = 0
configure:3507: g++ -V >&5
g++: error: unrecognized command-line option '-V'
g++: fatal error: no input files
compilation terminated.
configure:3518: $? = 1
configure:3507: g++ -qversion >&5
g++: error: unrecognized command-line option '-qversion'; did you mean '--version'?
g++: fatal error: no input files
compilation terminated.
configure:3518: $? = 1
configure:3522: checking whether we are using the GNU C++ compiler
configure:3541: g++ -c -Os -g0  conftest.cpp >&5
configure:3541: $? = 0
configure:3550: result: yes
configure:3559: checking whether g++ accepts -g
configure:3579: g++ -c -g  conftest.cpp >&5
configure:3579: $? = 0
configure:3620: result: yes
configure:3686: checking for ar
configure:3702: found /usr/bin/ar
configure:3713: result: ar
configure:3778: checking for ranlib
configure:3794: found /usr/bin/ranlib
configure:3805: result: ranlib
configure:3829: checking for dtc
configure:3847: found /usr/bin/dtc
configure:3860: result: /usr/bin/dtc
configure:3883: checking how to run the C++ preprocessor
configure:3910: g++ -E  conftest.cpp
configure:3910: $? = 0
configure:3924: g++ -E  conftest.cpp
conftest.cpp:10:10: fatal error: ac_nonexistent.h: No such file or directory
   10 | #include <ac_nonexistent.h>
      |          ^~~~~~~~~~~~~~~~~~
compilation terminated.
configure:3924: $? = 1
configure: failed program was:
| /* confdefs.h */
| #define PACKAGE_NAME "RISC-V ISA Simulator"
| #define PACKAGE_TARNAME "spike"
| #define PACKAGE_VERSION "?"
| #define PACKAGE_STRING "RISC-V ISA Simulator ?"
| #define PACKAGE_BUGREPORT "Andrew Waterman"
| #define PACKAGE_URL ""
| #define DTC "dtc"
| /* end confdefs.h.  */
| #include <ac_nonexistent.h>
configure:3949: result: g++ -E
configure:3969: g++ -E  conftest.cpp
configure:3969: $? = 0
configure:3983: g++ -E  conftest.cpp
conftest.cpp:10:10: fatal error: ac_nonexistent.h: No such file or directory
   10 | #include <ac_nonexistent.h>
      |          ^~~~~~~~~~~~~~~~~~
compilation terminated.
configure:3983: $? = 1
configure: failed program was:
| /* confdefs.h */
| #define PACKAGE_NAME "RISC-V ISA Simulator"
| #define PACKAGE_TARNAME "spike"
| #define PACKAGE_VERSION "?"
| #define PACKAGE_STRING "RISC-V ISA Simulator ?"
| #define PACKAGE_BUGREPORT "Andrew Waterman"
| #define PACKAGE_URL ""
| #define DTC "dtc"
| /* end confdefs.h.  */
| #include <ac_nonexistent.h>
configure:4012: checking for grep that handles long lines and -e
configure:4070: result: /usr/bin/grep
configure:4075: checking for egrep
configure:4137: result: /usr/bin/grep -E
configure:4142: checking for ANSI C header files
configure:4162: g++ -c -Os -g0  conftest.cpp >&5
configure:4162: $? = 0
configure:4235: g++ -o conftest -Os -g0   conftest.cpp  >&5
configure:4235: $? = 0
configure:4235: ./conftest
configure:4235: $? = 0
configure:4246: result: yes
configure:4259: checking for sys/types.h
configure:4259: g++ -c -Os -g0  conftest.cpp >&5
configure:4259: $? = 0
configure:4259: result: yes
configure:4259: checking for sys/stat.h
configure:4259: g++ -c -Os -g0  conftest.cpp >&5
configure:4259: $? = 0
configure:4259: result: yes
configure:4259: checking for stdlib.h
configure:4259: g++ -c -Os -g0  conftest.cpp >&5
configure:4259: $? = 0
configure:4259: result: yes
configure:4259: checking for string.h
configure:4259: g++ -c -Os -g0  conftest.cpp >&5
configure:4259: $? = 0
configure:4259: result: yes
configure:4259: checking for memory.h
configure:4259: g++ -c -Os -g0  conftest.cpp >&5
configure:4259: $? = 0
configure:4259: result: yes
configure:4259: checking for strings.h
configure:4259: g++ -c -Os -g0  conftest.cpp >&5
configure:4259: $? = 0
configure:4259: result: yes
configure:4259: checking for inttypes.h
configure:4259: g++ -c -Os -g0  conftest.cpp >&5
configure:4259: $? = 0
configure:4259: result: yes
configure:4259: checking for stdint.h
configure:4259: g++ -c -Os -g0  conftest.cpp >&5
configure:4259: $? = 0
configure:4259: result: yes
configure:4259: checking for unistd.h
configure:4259: g++ -c -Os -g0  conftest.cpp >&5
configure:4259: $? = 0
configure:4259: result: yes
configure:4271: checking whether byte ordering is bigendian
configure:4286: g++ -c -Os -g0  conftest.cpp >&5
conftest.cpp:21:16: error: expected unqualified-id before 'not' token
   21 |                not a universal capable compiler
      |                ^~~
configure:4286: $? = 1
configure: failed program was:
| /* confdefs.h */
| #define PACKAGE_NAME "RISC-V ISA Simulator"
| #define PACKAGE_TARNAME "spike"
| #define PACKAGE_VERSION "?"
| #define PACKAGE_STRING "RISC-V ISA Simulator ?"
| #define PACKAGE_BUGREPORT "Andrew Waterman"
| #define PACKAGE_URL ""
| #define DTC "dtc"
| #define STDC_HEADERS 1
| #define HAVE_SYS_TYPES_H 1
| #define HAVE_SYS_STAT_H 1
| #define HAVE_STDLIB_H 1
| #define HAVE_STRING_H 1
| #define HAVE_MEMORY_H 1
| #define HAVE_STRINGS_H 1
| #define HAVE_INTTYPES_H 1
| #define HAVE_STDINT_H 1
| #define HAVE_UNISTD_H 1
| /* end confdefs.h.  */
| #ifndef __APPLE_CC__
| 	       not a universal capable compiler
| 	     #endif
| 	     typedef int dummy;
| 
configure:4331: g++ -c -Os -g0  conftest.cpp >&5
configure:4331: $? = 0
configure:4349: g++ -c -Os -g0  conftest.cpp >&5
conftest.cpp: In function 'int main()':
conftest.cpp:27:22: error: 'big' was not declared in this scope
   27 |                  not big endian
      |                      ^~~
configure:4349: $? = 1
configure: failed program was:
| /* confdefs.h */
| #define PACKAGE_NAME "RISC-V ISA Simulator"
| #define PACKAGE_TARNAME "spike"
| #define PACKAGE_VERSION "?"
| #define PACKAGE_STRING "RISC-V ISA Simulator ?"
| #define PACKAGE_BUGREPORT "Andrew Waterman"
| #define PACKAGE_URL ""
| #define DTC "dtc"
| #define STDC_HEADERS 1
| #define HAVE_SYS_TYPES_H 1
| #define HAVE_SYS_STAT_H 1
| #define HAVE_STDLIB_H 1
| #define HAVE_STRING_H 1
| #define HAVE_MEMORY_H 1
| #define HAVE_STRINGS_H 1
| #define HAVE_INTTYPES_H 1
| #define HAVE_STDINT_H 1
| #define HAVE_UNISTD_H 1
| /* end confdefs.h.  */
| #include <sys/types.h>
| 		#include <sys/param.h>
| 
| int
| main ()
| {
| #if BYTE_ORDER != BIG_ENDIAN
| 		 not big endian
| 		#endif
| 
|   ;
|   return 0;
| }
configure:4477: result: no
configure:4517: checking for a BSD-compatible install
configure:4585: result: /usr/bin/install -c
configure:4624: checking for ANSI C header files
configure:4728: result: yes
configure:4741: checking for __int128_t
configure:4741: g++ -c -Os -g0  conftest.cpp >&5
configure:4741: $? = 0
configure:4741: g++ -c -Os -g0  conftest.cpp >&5
conftest.cpp: In function 'int main()':
conftest.cpp:57:24: error: expected primary-expression before ')' token
   57 | if (sizeof ((__int128_t)))
      |                        ^
configure:4741: $? = 1
configure: failed program was:
| /* confdefs.h */
| #define PACKAGE_NAME "RISC-V ISA Simulator"
| #define PACKAGE_TARNAME "spike"
| #define PACKAGE_VERSION "?"
| #define PACKAGE_STRING "RISC-V ISA Simulator ?"
| #define PACKAGE_BUGREPORT "Andrew Waterman"
| #define PACKAGE_URL ""
| #define DTC "dtc"
| #define STDC_HEADERS 1
| #define HAVE_SYS_TYPES_H 1
| #define HAVE_SYS_STAT_H 1
| #define HAVE_STDLIB_H 1
| #define HAVE_STRING_H 1
| #define HAVE_MEMORY_H 1
| #define HAVE_STRINGS_H 1
| #define HAVE_INTTYPES_H 1
| #define HAVE_STDINT_H 1
| #define HAVE_UNISTD_H 1
| #define STDC_HEADERS 1
| /* end confdefs.h.  */
| #include <stdio.h>
| #ifdef HAVE_SYS_TYPES_H
| # include <sys/types.h>
| #endif
| #ifdef HAVE_SYS_STAT_H
| # include <sys/stat.h>
| #endif
| #ifdef STDC_HEADERS
| # include <stdlib.h>
| # include <stddef.h>
| #else
| # ifdef HAVE_STDLIB_H
| #  include <stdlib.h>
| # endif
| #endif
| #ifdef HAVE_STRING_H
| # if !defined STDC_HEADERS && defined HAVE_MEMORY_H
| #  include <memory.h>
| # endif
| # include <string.h>
| #endif
| #ifdef HAVE_STRINGS_H
| # include <strings.h>
| #endif
| #ifdef HAVE_INTTYPES_H
| # include <inttypes.h>
| #endif
| #ifdef HAVE_STDINT_H
| # include <stdint.h>
| #endif
| #ifdef HAVE_UNISTD_H
| # include <unistd.h>
| #endif
| int
| main ()
| {
| if (sizeof ((__int128_t)))
| 	    return 0;
|   ;
|   return 0;
| }
configure:4741: result: yes
configure:4761: checking whether the linker accepts -Wl,--export-dynamic
configure:4780: g++ -o conftest -Os -g0    -Wl,--export-dynamic conftest.cpp  >&5
configure:4780: $? = 0
configure:4790: result: yes
configure:4806: : LDFLAGS="$LDFLAGS"
configure:4809: $? = 0
configure:4832: checking whether C++ compiler accepts -relocatable-pch
configure:4851: g++ -c -Os -g0  -relocatable-pch  conftest.cpp >&5
g++: error: unrecognized command-line option '-relocatable-pch'
configure:4851: $? = 1
configure: failed program was:
| /* confdefs.h */
| #define PACKAGE_NAME "RISC-V ISA Simulator"
| #define PACKAGE_TARNAME "spike"
| #define PACKAGE_VERSION "?"
| #define PACKAGE_STRING "RISC-V ISA Simulator ?"
| #define PACKAGE_BUGREPORT "Andrew Waterman"
| #define PACKAGE_URL ""
| #define DTC "dtc"
| #define STDC_HEADERS 1
| #define HAVE_SYS_TYPES_H 1
| #define HAVE_SYS_STAT_H 1
| #define HAVE_STDLIB_H 1
| #define HAVE_STRING_H 1
| #define HAVE_MEMORY_H 1
| #define HAVE_STRINGS_H 1
| #define HAVE_INTTYPES_H 1
| #define HAVE_STDINT_H 1
| #define HAVE_UNISTD_H 1
| #define STDC_HEADERS 1
| #define HAVE_INT128 1
| /* end confdefs.h.  */
| 
| int
| main ()
| {
| 
|   ;
|   return 0;
| }
configure:4859: result: no
configure:4921: configuring default subproject : fesvr
configure:4930: checking for pthread_create in -lpthread
configure:4955: g++ -o conftest -Os -g0   -Wl,--export-dynamic conftest.cpp -lpthread   >&5
configure:4955: $? = 0
configure:4964: result: yes
configure:4978: checking for struct statx.stx_ino
configure:4978: g++ -c -Os -g0  conftest.cpp >&5
configure:4978: $? = 0
configure:4978: result: yes
configure:4988: checking for struct statx.stx_mnt_id
configure:4988: g++ -c -Os -g0  conftest.cpp >&5
configure:4988: $? = 0
configure:4988: result: yes
configure:5033: configuring default subproject : riscv
configure:5792: checking for main in -lboost_system
configure:5811: g++ -o conftest -Os -g0   -Wl,--export-dynamic conftest.cpp -lboost_system  -lpthread  >&5
configure:5811: $? = 0
configure:5820: result: yes
configure:5832: checking for main in -lboost_regex
configure:5851: g++ -o conftest -Os -g0   -Wl,--export-dynamic conftest.cpp -lboost_regex  -lboost_system -lpthread  >&5
configure:5851: $? = 0
configure:5860: result: yes
configure:5940: checking for library containing dlopen
configure:5971: g++ -o conftest -Os -g0   -Wl,--export-dynamic conftest.cpp -lboost_regex -lboost_system -lpthread  >&5
configure:5971: $? = 0
configure:5988: result: none required
configure:6003: checking for pthread_create in -lpthread
configure:6037: result: yes
configure:6099: configuring default subproject : disasm
configure:6144: configuring default subproject : customext
configure:6189: configuring default subproject : fdt
configure:6234: configuring default subproject : softfloat
configure:6279: configuring default subproject : spike_main
configure:6324: configuring default subproject : spike_dasm
configure:6477: creating ./config.status

## ---------------------- ##
## Running config.status. ##
## ---------------------- ##

This file was extended by RISC-V ISA Simulator config.status ?, which was
generated by GNU Autoconf 2.69.  Invocation command line was

  CONFIG_FILES    = 
  CONFIG_HEADERS  = 
  CONFIG_LINKS    = 
  CONFIG_COMMANDS = 
  $ ./config.status 

on kanav

config.status:861: creating fesvr.mk
config.status:861: creating riscv.mk
config.status:861: creating disasm.mk
config.status:861: creating customext.mk
config.status:861: creating fdt.mk
config.status:861: creating softfloat.mk
config.status:861: creating spike_main.mk
config.status:861: creating spike_dasm.mk
config.status:861: creating Makefile
config.status:861: creating riscv-fesvr.pc
config.status:861: creating riscv-disasm.pc
config.status:861: creating riscv-riscv.pc
config.status:861: creating config.h
config.status:1036: config.h is unchanged

## ---------------- ##
## Cache variables. ##
## ---------------- ##

ac_cv_build=x86_64-pc-linux-gnu
ac_cv_c_bigendian=no
ac_cv_c_compiler_gnu=yes
ac_cv_cxx_compiler_gnu=yes
ac_cv_env_CCC_set=
ac_cv_env_CCC_value=
ac_cv_env_CC_set=
ac_cv_env_CC_value=
ac_cv_env_CFLAGS_set=set
ac_cv_env_CFLAGS_value='-Os -g0'
ac_cv_env_CPPFLAGS_set=
ac_cv_env_CPPFLAGS_value=
ac_cv_env_CXXCPP_set=
ac_cv_env_CXXCPP_value=
ac_cv_env_CXXFLAGS_set=set
ac_cv_env_CXXFLAGS_value='-Os -g0'
ac_cv_env_CXX_set=
ac_cv_env_CXX_value=
ac_cv_env_LDFLAGS_set=
ac_cv_env_LDFLAGS_value=
ac_cv_env_LIBS_set=
ac_cv_env_LIBS_value=
ac_cv_env_STOW_PREFIX_set=
ac_cv_env_STOW_PREFIX_value=
ac_cv_env_STOW_ROOT_set=
ac_cv_env_STOW_ROOT_value=
ac_cv_env_build_alias_set=
ac_cv_env_build_alias_value=
ac_cv_env_host_alias_set=
ac_cv_env_host_alias_value=
ac_cv_env_target_alias_set=
ac_cv_env_target_alias_value=
ac_cv_header_inttypes_h=yes
ac_cv_header_memory_h=yes
ac_cv_header_stdc=yes
ac_cv_header_stdint_h=yes
ac_cv_header_stdlib_h=yes
ac_cv_header_string_h=yes
ac_cv_header_strings_h=yes
ac_cv_header_sys_stat_h=yes
ac_cv_header_sys_types_h=yes
ac_cv_header_unistd_h=yes
ac_cv_host=x86_64-pc-linux-gnu
ac_cv_lib_boost_regex_main=yes
ac_cv_lib_boost_system_main=yes
ac_cv_lib_pthread_pthread_create=yes
ac_cv_member_struct_statx_stx_ino=yes
ac_cv_member_struct_statx_stx_mnt_id=yes
ac_cv_objext=o
ac_cv_path_DTC=/usr/bin/dtc
ac_cv_path_EGREP='/usr/bin/grep -E'
ac_cv_path_GREP=/usr/bin/grep
ac_cv_path_install='/usr/bin/install -c'
ac_cv_prog_CXXCPP='g++ -E'
ac_cv_prog_ac_ct_AR=ar
ac_cv_prog_ac_ct_CC=gcc
ac_cv_prog_ac_ct_CXX=g++
ac_cv_prog_ac_ct_RANLIB=ranlib
ac_cv_prog_cc_c89=
ac_cv_prog_cc_g=yes
ac_cv_prog_cxx_g=yes
ac_cv_search_dlopen='none required'
ac_cv_type___int128_t=yes
ax_cv_check_cxxflags___relocatable_pch=no
ax_cv_check_ldflags___Wl___export_dynamic=yes

## ----------------- ##
## Output variables. ##
## ----------------- ##

AR='ar'
BOOST_ASIO_LIB=''
BOOST_CPPFLAGS=''
BOOST_LDFLAGS=''
BOOST_REGEX_LIB=''
CC='gcc'
CFLAGS='-Os -g0'
CPPFLAGS=''
CXX='g++'
CXXCPP='g++ -E'
CXXFLAGS='-Os -g0'
DEFS='-DHAVE_CONFIG_H'
DTC='/usr/bin/dtc'
ECHO_C=''
ECHO_N='-n'
ECHO_T=''
EGREP='/usr/bin/grep -E'
EXEEXT=''
GREP='/usr/bin/grep'
HAVE_CLANG_PCH=''
HAVE_DLOPEN='yes'
HAVE_INT128='yes'
INSTALL_DATA='${INSTALL} -m 644'
INSTALL_PROGRAM='${INSTALL}'
INSTALL_SCRIPT='${INSTALL}'
LDFLAGS=' -Wl,--export-dynamic'
LIBOBJS=''
LIBS='-lpthread -lboost_regex -lboost_system -lpthread '
LTLIBOBJS=''
OBJEXT='o'
PACKAGE_BUGREPORT='Andrew Waterman'
PACKAGE_NAME='RISC-V ISA Simulator'
PACKAGE_STRING='RISC-V ISA Simulator ?'
PACKAGE_TARNAME='spike'
PACKAGE_URL=''
PACKAGE_VERSION='?'
PATH_SEPARATOR=':'
RANLIB='ranlib'
SHELL='/bin/sh'
STOW_PREFIX=''
STOW_ROOT=''
ac_ct_CC='gcc'
ac_ct_CXX='g++'
bindir='${exec_prefix}/bin'
build='x86_64-pc-linux-gnu'
build_alias=''
build_cpu='x86_64'
build_os='linux-gnu'
build_vendor='pc'
datadir='${datarootdir}'
datarootdir='${prefix}/share'
docdir='${datarootdir}/doc/${PACKAGE_TARNAME}'
dvidir='${docdir}'
enable_stow='no'
exec_prefix='${prefix}'
host='x86_64-pc-linux-gnu'
host_alias=''
host_cpu='x86_64'
host_os='linux-gnu'
host_vendor='pc'
htmldir='${docdir}'
includedir='${prefix}/include'
infodir='${datarootdir}/info'
libdir='${exec_prefix}/lib'
libexecdir='${exec_prefix}/libexec'
localedir='${datarootdir}/locale'
localstatedir='${prefix}/var'
mandir='${datarootdir}/man'
oldincludedir='/usr/include'
pdfdir='${docdir}'
prefix='/usr/local'
program_transform_name='s,x,x,'
psdir='${docdir}'
runstatedir='${localstatedir}/run'
sbindir='${exec_prefix}/sbin'
sharedstatedir='${prefix}/com'
subprojects=' fesvr riscv disasm customext fdt softfloat spike_main spike_dasm'
subprojects_enabled=' fesvr riscv disasm customext fdt softfloat spike_main spike_dasm'
sysconfdir='${prefix}/etc'
target_alias=''

## ----------- ##
## confdefs.h. ##
## ----------- ##

/* confdefs.h */
#define PACKAGE_NAME "RISC-V ISA Simulator"
#define PACKAGE_TARNAME "spike"
#define PACKAGE_VERSION "?"
#define PACKAGE_STRING "RISC-V ISA Simulator ?"
#define PACKAGE_BUGREPORT "Andrew Waterman"
#define PACKAGE_URL ""
#define DTC "dtc"
#define STDC_HEADERS 1
#define HAVE_SYS_TYPES_H 1
#define HAVE_SYS_STAT_H 1
#define HAVE_STDLIB_H 1
#define HAVE_STRING_H 1
#define HAVE_MEMORY_H 1
#define HAVE_STRINGS_H 1
#define HAVE_INTTYPES_H 1
#define HAVE_STDINT_H 1
#define HAVE_UNISTD_H 1
#define STDC_HEADERS 1
#define HAVE_INT128 1
#define FESVR_ENABLED /**/
#define HAVE_LIBPTHREAD 1
#define HAVE_STATX 1
#define HAVE_STATX_MNT_ID 1
#define RISCV_ENABLED /**/
#define HAVE_LIBBOOST_SYSTEM 1
#define HAVE_LIBBOOST_REGEX 1
#define DEFAULT_ISA "RV64IMAFDC_zicntr_zihpm"
#define DEFAULT_PRIV "MSU"
#define DEFAULT_VARCH "vlen:128,elen:64"
#define TARGET_ARCH "riscv64-unknown-elf"
#define HAVE_DLOPEN /**/
#define HAVE_LIBPTHREAD 1
#define DISASM_ENABLED /**/
#define CUSTOMEXT_ENABLED /**/
#define FDT_ENABLED /**/
#define SOFTFLOAT_ENABLED /**/
#define SPIKE_MAIN_ENABLED /**/
#define SPIKE_DASM_ENABLED /**/

configure: exit 0
